<?xml version="1.0" encoding="UTF-8"?>
<!-- Generated by org.testng.reporters.JUnitReportReporter -->
<testsuite skipped="0" hostname="LAPTOP-GBGVKMB7" name="com.testscenarios.Gmail_crossBrowserTesting" tests="1" failures="0" timestamp="2019-12-11T20:05:34 EST" time="20.727" errors="0">
  <testcase name="f" time="20.727" classname="com.testscenarios.Gmail_crossBrowserTesting"/>
</testsuite> <!-- com.testscenarios.Gmail_crossBrowserTesting -->
